<?xml version='1.0' encoding='UTF-8'?>
<testsuite hostname="BRM0083.local" name="TextServiceTest" tests="3" errors="0" failures="0" skipped="0" time="0.018" timestamp="2022-09-02T02:38:54">
          <properties>
[...]
</properties>
          <testcase classname="TextServiceTest" name="TextService.text_break" time="0.015">
                      
                    </testcase><testcase classname="TextServiceTest" name="TextService.text_break text exceed the chars limit for the first word" time="0.0">
                      
                    </testcase><testcase classname="TextServiceTest" name="TextService.text_break text exceed the chars limit for any word but first" time="0.003">
                      
                    </testcase>
          <system-out><![CDATA[]]></system-out>
          <system-err><![CDATA[]]></system-err>
        </testsuite>